2025-06-18 22:49:21,044 [INFO] Activator:176 - 


2025-06-18 22:49:21,048 [INFO] Activator:177 - !SESSION log4j initialized
2025-06-18 22:49:29,417 [INFO] LogOutputStream:77 - [STDOUT_REDIRECT] 
2025-06-18 22:49:37,362 [INFO] ApplicationProperties:184 - Using Application install path: D:\DAO\STM322222\STM32CubeIDE_1.17.0\STM32CubeIDE\plugins\com.st.stm32cube.common.mx_6.14.1.202504091515
2025-06-18 22:49:37,374 [INFO] DbMcusXml:78 - Set database path to: D:\DAO\STM322222\STM32CubeIDE_1.17.0\STM32CubeIDE\plugins\com.st.stm32cube.common.mx_6.14.1.202504091515\\db\/mcu/
2025-06-18 22:49:37,374 [INFO] ApiDb:274 - Set plugin database path to: D:\DAO\STM322222\STM32CubeIDE_1.17.0\STM32CubeIDE\plugins\com.st.stm32cube.common.mx_6.14.1.202504091515\\db\/plugins/boardmanager/
2025-06-18 22:49:37,374 [WARN] ApiDb:259 - Overriding images path with different value:  => D:\DAO\STM322222\STM32CubeIDE_1.17.0\STM32CubeIDE\plugins\com.st.stm32cube.common.mx_6.14.1.202504091515\\db\/plugins/mcufinder/images/
2025-06-18 22:49:37,380 [INFO] ApiDb:250 - Set database path to: C:\Users\Salvare\.stmcufinder\plugins\mcufinder//mcu/
2025-06-18 22:49:37,381 [INFO] DbMcusAds:125 - Set database path to: C:\Users\Salvare\.stmcufinder\plugins\mcufinder//mcu/
2025-06-18 22:49:37,382 [INFO] CrossReferenceDbSqlite:203 - Set database path to: C:\Users\Salvare\.stmcufinder\plugins\mcufinder//mcu/cs/
2025-06-18 22:49:37,453 [INFO] RulesReader:64 - Compatibility file has been processed (302 Rules)
2025-06-18 22:49:37,507 [INFO] DbMcusXml:78 - Set database path to: D:\DAO\STM322222\STM32CubeIDE_1.17.0\STM32CubeIDE\plugins\com.st.stm32cube.common.mx_6.14.1.202504091515\\db\/mcu/
2025-06-18 22:49:37,509 [INFO] ApiDb:274 - Set plugin database path to: D:\DAO\STM322222\STM32CubeIDE_1.17.0\STM32CubeIDE\plugins\com.st.stm32cube.common.mx_6.14.1.202504091515\\db\/plugins/boardmanager/
2025-06-18 22:49:37,509 [INFO] ApiDb:261 - Set plugin images path to: D:\DAO\STM322222\STM32CubeIDE_1.17.0\STM32CubeIDE\plugins\com.st.stm32cube.common.mx_6.14.1.202504091515\\db\/plugins/mcufinder/images/
2025-06-18 22:49:37,509 [WARN] DbFile:41 - Overriding database path with different value: C:\Users\Salvare\.stmcufinder\plugins\mcufinder/ => C:\Users\Salvare\.stmcufinder\plugins\mcufinder
2025-06-18 22:49:37,509 [INFO] ApiDb:250 - Set database path to: C:\Users\Salvare\.stmcufinder\plugins\mcufinder//mcu/
2025-06-18 22:49:37,509 [WARN] DbFile:41 - Overriding database path with different value: C:\Users\Salvare\.stmcufinder\plugins\mcufinder/ => C:\Users\Salvare\.stmcufinder\plugins\mcufinder
2025-06-18 22:49:37,509 [INFO] DbMcusAds:125 - Set database path to: C:\Users\Salvare\.stmcufinder\plugins\mcufinder//mcu/
2025-06-18 22:49:37,509 [WARN] DbFile:41 - Overriding database path with different value: C:\Users\Salvare\.stmcufinder\plugins\mcufinder/ => C:\Users\Salvare\.stmcufinder\plugins\mcufinder
2025-06-18 22:49:37,509 [WARN] DbFile:41 - Overriding database path with different value: C:\Users\Salvare\.stmcufinder\plugins\mcufinder/ => C:\Users\Salvare\.stmcufinder\plugins\mcufinder
2025-06-18 22:49:37,509 [INFO] CrossReferenceDbSqlite:203 - Set database path to: C:\Users\Salvare\.stmcufinder\plugins\mcufinder//mcu/cs/
2025-06-18 22:49:37,565 [INFO] MainPanel:272 - HeapMemory: 268435456
2025-06-18 22:49:37,658 [INFO] DbMcusXml:78 - Set database path to: D:\DAO\STM322222\STM32CubeIDE_1.17.0\STM32CubeIDE\plugins\com.st.stm32cube.common.mx_6.14.1.202504091515\\db\/mcu/
2025-06-18 22:49:37,658 [INFO] ApiDb:274 - Set plugin database path to: D:\DAO\STM322222\STM32CubeIDE_1.17.0\STM32CubeIDE\plugins\com.st.stm32cube.common.mx_6.14.1.202504091515\\db\/plugins/boardmanager/
2025-06-18 22:49:37,658 [INFO] ApiDb:261 - Set plugin images path to: D:\DAO\STM322222\STM32CubeIDE_1.17.0\STM32CubeIDE\plugins\com.st.stm32cube.common.mx_6.14.1.202504091515\\db\/plugins/mcufinder/images/
2025-06-18 22:49:37,658 [WARN] DbFile:41 - Overriding database path with different value: C:\Users\Salvare\.stmcufinder\plugins\mcufinder/ => C:\Users\Salvare\.stmcufinder\plugins\mcufinder
2025-06-18 22:49:37,659 [INFO] ApiDb:250 - Set database path to: C:\Users\Salvare\.stmcufinder\plugins\mcufinder//mcu/
2025-06-18 22:49:37,659 [WARN] DbFile:41 - Overriding database path with different value: C:\Users\Salvare\.stmcufinder\plugins\mcufinder/ => C:\Users\Salvare\.stmcufinder\plugins\mcufinder
2025-06-18 22:49:37,659 [INFO] DbMcusAds:125 - Set database path to: C:\Users\Salvare\.stmcufinder\plugins\mcufinder//mcu/
2025-06-18 22:49:37,659 [WARN] DbFile:41 - Overriding database path with different value: C:\Users\Salvare\.stmcufinder\plugins\mcufinder/ => C:\Users\Salvare\.stmcufinder\plugins\mcufinder
2025-06-18 22:49:37,659 [WARN] DbFile:41 - Overriding database path with different value: C:\Users\Salvare\.stmcufinder\plugins\mcufinder/ => C:\Users\Salvare\.stmcufinder\plugins\mcufinder
2025-06-18 22:49:37,659 [INFO] CrossReferenceDbSqlite:203 - Set database path to: C:\Users\Salvare\.stmcufinder\plugins\mcufinder//mcu/cs/
2025-06-18 22:49:37,673 [INFO] ApplicationProperties:184 - Using Application install path: D:\DAO\STM322222\STM32CubeIDE_1.17.0\STM32CubeIDE\plugins\com.st.stm32cube.common.mx_6.14.1.202504091515
2025-06-18 22:49:37,674 [INFO] PluginManage:196 - Search for loadable plugins [exclusion list=, ]
2025-06-18 22:49:37,675 [INFO] PluginManage:310 - Check plugin analytics
2025-06-18 22:49:42,751 [INFO] AnalyticsPlugin:253 - Accepted Software Licenses: 
2025-06-18 22:49:42,751 [INFO] AnalyticsPlugin:255 - Accepted CMSIS Pack Licenses: 
2025-06-18 22:49:42,751 [INFO] AnalyticsPlugin:257 - Accepted Firmware Licenses: FW.F7.1.17.0
2025-06-18 22:49:42,752 [INFO] PluginManage:359 - Loaded plugin analytics (category:tool,tabindex:-1)
2025-06-18 22:49:42,753 [INFO] PluginManage:310 - Check plugin cadmodel
2025-06-18 22:49:42,768 [INFO] CADModel:105 - Init CAD model plugin
2025-06-18 22:49:42,769 [INFO] PluginManage:359 - Loaded plugin cadmodel (category:power,tabindex:5)
2025-06-18 22:49:42,769 [INFO] PluginManage:310 - Check plugin clock
2025-06-18 22:49:42,787 [INFO] PluginManage:359 - Loaded plugin clock (category:base,tabindex:2)
2025-06-18 22:49:42,787 [INFO] PluginManage:310 - Check plugin ddr
2025-06-18 22:49:42,789 [INFO] PluginManage:359 - Loaded plugin ddr (category:tool,tabindex:6)
2025-06-18 22:49:42,789 [INFO] PluginManage:310 - Check plugin filemanager
2025-06-18 22:49:42,894 [INFO] PluginManage:359 - Loaded plugin filemanager (category:base,tabindex:10)
2025-06-18 22:49:42,894 [INFO] PluginManage:310 - Check plugin ipmanager
2025-06-18 22:49:42,899 [INFO] PluginManage:359 - Loaded plugin ipmanager (category:base,tabindex:5)
2025-06-18 22:49:42,899 [INFO] PluginManage:310 - Check plugin lpbam
2025-06-18 22:49:42,915 [INFO] PluginManage:359 - Loaded plugin lpbam (category:base,tabindex:0)
2025-06-18 22:49:42,915 [INFO] PluginManage:310 - Check plugin memorymap
2025-06-18 22:49:42,933 [INFO] PluginManage:359 - Loaded plugin memorymap (category:base,tabindex:4)
2025-06-18 22:49:42,933 [INFO] PluginManage:310 - Check plugin pinoutandconfiguration
2025-06-18 22:49:42,948 [INFO] PluginManage:359 - Loaded plugin pinoutandconfiguration (category:base,tabindex:1)
2025-06-18 22:49:42,948 [INFO] PluginManage:310 - Check plugin pinoutconfig
2025-06-18 22:49:43,018 [WARN] SupportedApi:132 - Cannot load RTOS API schema: s4s-elt-must-match.1: The content of 'definitions' must match (annotation?, (simpleType | complexType)?, (unique | key | keyref)*)). A problem was found starting at: attribute.
2025-06-18 22:49:43,108 [INFO] PluginManage:359 - Loaded plugin pinoutconfig (category:base,tabindex:0)
2025-06-18 22:49:43,108 [INFO] PluginManage:310 - Check plugin power
2025-06-18 22:49:43,124 [INFO] PluginManage:359 - Loaded plugin power (category:power,tabindex:4)
2025-06-18 22:49:43,124 [INFO] PluginManage:310 - Check plugin projectmanager
2025-06-18 22:49:43,134 [INFO] PluginManage:359 - Loaded plugin projectmanager (category:projectmanager,tabindex:4)
2025-06-18 22:49:43,134 [INFO] PluginManage:310 - Check plugin rif
2025-06-18 22:49:43,148 [INFO] PluginManage:359 - Loaded plugin rif (category:base,tabindex:3)
2025-06-18 22:49:43,148 [INFO] PluginManage:310 - Check plugin thirdparty
2025-06-18 22:49:43,384 [INFO] PluginManage:359 - Loaded plugin thirdparty (category:base,tabindex:-1)
2025-06-18 22:49:43,384 [WARN] IntegrityCheckThread:84 - waiting for thirdparty lock release [integrity check]
2025-06-18 22:49:43,384 [INFO] PluginManage:310 - Check plugin tools
2025-06-18 22:49:43,384 [INFO] IntegrityCheckThread:86 - entering critical section [integrity check]
2025-06-18 22:49:43,385 [INFO] ThirdPartyUpdaterWithRetryManager:70 - Updater plugin not ready yet. [1/15]
2025-06-18 22:49:43,413 [INFO] PluginManage:359 - Loaded plugin tools (category:base,tabindex:7)
2025-06-18 22:49:43,413 [INFO] PluginManage:310 - Check plugin tutovideos
2025-06-18 22:49:43,558 [INFO] PluginManage:359 - Loaded plugin tutovideos (category:base,tabindex:-1)
2025-06-18 22:49:43,559 [INFO] PluginManage:310 - Check plugin updater
2025-06-18 22:49:43,574 [INFO] PluginManage:359 - Loaded plugin updater (category:base,tabindex:12)
2025-06-18 22:49:43,574 [INFO] PluginManage:310 - Check plugin userauth
2025-06-18 22:49:43,578 [INFO] UserAuth:118 - Init User Auth plugin
2025-06-18 22:49:43,578 [INFO] PluginManage:359 - Loaded plugin userauth (category:base,tabindex:14)
2025-06-18 22:49:43,578 [INFO] PluginManage:283 - PluginManage : Loaded plugins [18]
2025-06-18 22:49:43,728 [INFO] PinOutPanel:1589 - setPackage(No Configuration,No Configuration)
2025-06-18 22:49:43,787 [INFO] CADModel:165 - CPN selected for project level
2025-06-18 22:49:43,787 [INFO] CADModel:114 - Register for checkConnection events
2025-06-18 22:49:43,811 [INFO] IPUIPlugin:80 - create IPUIPlugin
2025-06-18 22:49:43,811 [INFO] PluginManager:220 - loadIPPluginJar : add adc
2025-06-18 22:49:43,848 [INFO] IPUIPlugin:80 - create IPUIPlugin
2025-06-18 22:49:43,848 [INFO] PluginManager:220 - loadIPPluginJar : add aes
2025-06-18 22:49:43,888 [INFO] IPUIPlugin:80 - create IPUIPlugin
2025-06-18 22:49:43,888 [INFO] PluginManager:220 - loadIPPluginJar : add can
2025-06-18 22:49:43,913 [INFO] IPUIPlugin:80 - create IPUIPlugin
2025-06-18 22:49:43,914 [INFO] PluginManager:220 - loadIPPluginJar : add comp
2025-06-18 22:49:43,940 [INFO] IPUIPlugin:80 - create IPUIPlugin
2025-06-18 22:49:43,941 [INFO] PluginManager:220 - loadIPPluginJar : add cryp
2025-06-18 22:49:43,952 [INFO] IPUIPlugin:80 - create IPUIPlugin
2025-06-18 22:49:43,952 [INFO] PluginManager:220 - loadIPPluginJar : add ddr_ctrl_phy
2025-06-18 22:49:43,978 [INFO] IPUIPlugin:80 - create IPUIPlugin
2025-06-18 22:49:43,978 [INFO] PluginManager:220 - loadIPPluginJar : add dfsdm
2025-06-18 22:49:43,990 [INFO] IPUIPlugin:80 - create IPUIPlugin
2025-06-18 22:49:43,991 [INFO] PluginManager:220 - loadIPPluginJar : add dma
2025-06-18 22:49:44,020 [INFO] IPUIPlugin:80 - create IPUIPlugin
2025-06-18 22:49:44,021 [INFO] PluginManager:220 - loadIPPluginJar : add dma3
2025-06-18 22:49:44,056 [INFO] IPUIPlugin:80 - create IPUIPlugin
2025-06-18 22:49:44,057 [INFO] PluginManager:220 - loadIPPluginJar : add extmemmanager
2025-06-18 22:49:44,075 [INFO] IPUIPlugin:80 - create IPUIPlugin
2025-06-18 22:49:44,075 [INFO] PluginManager:220 - loadIPPluginJar : add fatfs
2025-06-18 22:49:44,111 [INFO] IPUIPlugin:80 - create IPUIPlugin
2025-06-18 22:49:44,111 [INFO] PluginManager:220 - loadIPPluginJar : add fmc
2025-06-18 22:49:44,125 [INFO] IPUIPlugin:80 - create IPUIPlugin
2025-06-18 22:49:44,125 [INFO] PluginManager:220 - loadIPPluginJar : add freertos
2025-06-18 22:49:44,145 [INFO] IPUIPlugin:80 - create IPUIPlugin
2025-06-18 22:49:44,145 [INFO] PluginManager:220 - loadIPPluginJar : add genericplugin
2025-06-18 22:49:44,225 [INFO] IPUIPlugin:80 - create IPUIPlugin
2025-06-18 22:49:44,225 [INFO] PluginManager:220 - loadIPPluginJar : add gfxmmu
2025-06-18 22:49:44,373 [INFO] IPUIPlugin:80 - create IPUIPlugin
2025-06-18 22:49:44,373 [INFO] PluginManager:220 - loadIPPluginJar : add gic
2025-06-18 22:49:44,388 [INFO] IPUIPlugin:80 - create IPUIPlugin
2025-06-18 22:49:44,388 [INFO] PluginManager:220 - loadIPPluginJar : add gpio
2025-06-18 22:49:44,468 [INFO] IPUIPlugin:80 - create IPUIPlugin
2025-06-18 22:49:44,468 [INFO] PluginManager:220 - loadIPPluginJar : add gtzc
2025-06-18 22:49:44,504 [INFO] IPUIPlugin:80 - create IPUIPlugin
2025-06-18 22:49:44,504 [INFO] PluginManager:220 - loadIPPluginJar : add hash
2025-06-18 22:49:44,546 [INFO] IPUIPlugin:80 - create IPUIPlugin
2025-06-18 22:49:44,546 [INFO] PluginManager:220 - loadIPPluginJar : add i2c
2025-06-18 22:49:44,581 [INFO] IPUIPlugin:80 - create IPUIPlugin
2025-06-18 22:49:44,581 [INFO] PluginManager:220 - loadIPPluginJar : add i2s
2025-06-18 22:49:44,616 [INFO] IPUIPlugin:80 - create IPUIPlugin
2025-06-18 22:49:44,616 [INFO] PluginManager:220 - loadIPPluginJar : add i3c
2025-06-18 22:49:44,696 [INFO] IPUIPlugin:80 - create IPUIPlugin
2025-06-18 22:49:44,696 [INFO] PluginManager:220 - loadIPPluginJar : add ipddr
2025-06-18 22:49:44,771 [INFO] IPUIPlugin:80 - create IPUIPlugin
2025-06-18 22:49:44,771 [INFO] PluginManager:220 - loadIPPluginJar : add linkedlist
2025-06-18 22:49:44,803 [INFO] IPUIPlugin:80 - create IPUIPlugin
2025-06-18 22:49:44,803 [INFO] PluginManager:220 - loadIPPluginJar : add lorawan
2025-06-18 22:49:44,833 [INFO] IPUIPlugin:80 - create IPUIPlugin
2025-06-18 22:49:44,833 [INFO] PluginManager:220 - loadIPPluginJar : add ltdc
2025-06-18 22:49:44,846 [INFO] IPUIPlugin:80 - create IPUIPlugin
2025-06-18 22:49:44,846 [INFO] PluginManager:220 - loadIPPluginJar : add mdma
2025-06-18 22:49:44,858 [INFO] IPUIPlugin:80 - create IPUIPlugin
2025-06-18 22:49:44,858 [INFO] PluginManager:220 - loadIPPluginJar : add nvic
2025-06-18 22:49:44,892 [INFO] IPUIPlugin:80 - create IPUIPlugin
2025-06-18 22:49:44,893 [INFO] PluginManager:220 - loadIPPluginJar : add opamp
2025-06-18 22:49:44,941 [INFO] IPUIPlugin:80 - create IPUIPlugin
2025-06-18 22:49:44,941 [INFO] PluginManager:220 - loadIPPluginJar : add openamp
2025-06-18 22:49:44,978 [INFO] IPUIPlugin:80 - create IPUIPlugin
2025-06-18 22:49:44,978 [INFO] PluginManager:220 - loadIPPluginJar : add pdm2pcm
2025-06-18 22:49:44,990 [INFO] IPUIPlugin:80 - create IPUIPlugin
2025-06-18 22:49:44,992 [INFO] PluginManager:220 - loadIPPluginJar : add plateformsettings
2025-06-18 22:49:45,011 [INFO] IPUIPlugin:80 - create IPUIPlugin
2025-06-18 22:49:45,011 [INFO] PluginManager:220 - loadIPPluginJar : add quadspi
2025-06-18 22:49:45,033 [INFO] IPUIPlugin:80 - create IPUIPlugin
2025-06-18 22:49:45,034 [INFO] PluginManager:220 - loadIPPluginJar : add radio
2025-06-18 22:49:45,046 [INFO] IPUIPlugin:80 - create IPUIPlugin
2025-06-18 22:49:45,046 [INFO] PluginManager:220 - loadIPPluginJar : add resmgrutility
2025-06-18 22:49:45,081 [INFO] IPUIPlugin:80 - create IPUIPlugin
2025-06-18 22:49:45,081 [INFO] PluginManager:220 - loadIPPluginJar : add sai
2025-06-18 22:49:45,113 [INFO] IPUIPlugin:80 - create IPUIPlugin
2025-06-18 22:49:45,113 [INFO] PluginManager:220 - loadIPPluginJar : add spi
2025-06-18 22:49:45,181 [INFO] IPUIPlugin:80 - create IPUIPlugin
2025-06-18 22:49:45,181 [INFO] PluginManager:220 - loadIPPluginJar : add stm32_wpan
2025-06-18 22:49:45,201 [INFO] IPUIPlugin:80 - create IPUIPlugin
2025-06-18 22:49:45,201 [INFO] PluginManager:220 - loadIPPluginJar : add tim
2025-06-18 22:49:45,251 [INFO] IPUIPlugin:80 - create IPUIPlugin
2025-06-18 22:49:45,251 [INFO] PluginManager:220 - loadIPPluginJar : add touchsensing
2025-06-18 22:49:45,270 [INFO] IPUIPlugin:80 - create IPUIPlugin
2025-06-18 22:49:45,270 [INFO] PluginManager:220 - loadIPPluginJar : add tracer_emb
2025-06-18 22:49:45,289 [INFO] IPUIPlugin:80 - create IPUIPlugin
2025-06-18 22:49:45,289 [INFO] PluginManager:220 - loadIPPluginJar : add ts
2025-06-18 22:49:45,313 [INFO] IPUIPlugin:80 - create IPUIPlugin
2025-06-18 22:49:45,313 [INFO] PluginManager:220 - loadIPPluginJar : add tsc
2025-06-18 22:49:45,332 [INFO] IPUIPlugin:80 - create IPUIPlugin
2025-06-18 22:49:45,332 [INFO] PluginManager:220 - loadIPPluginJar : add ucpd
2025-06-18 22:49:45,368 [INFO] IPUIPlugin:80 - create IPUIPlugin
2025-06-18 22:49:45,368 [INFO] PluginManager:220 - loadIPPluginJar : add usart
2025-06-18 22:49:45,408 [INFO] IPUIPlugin:80 - create IPUIPlugin
2025-06-18 22:49:45,408 [INFO] PluginManager:220 - loadIPPluginJar : add usbx
2025-06-18 22:49:45,527 [FATAL] Updater:351 - Updater called before beeing initialized
2025-06-18 22:49:45,546 [INFO] RulesReader:64 - Compatibility file has been processed (302 Rules)
2025-06-18 22:49:45,556 [INFO] RulesReader:64 - Compatibility file has been processed (302 Rules)
2025-06-18 22:49:45,565 [INFO] CADModel:165 - CPN selected for project level
2025-06-18 22:49:45,565 [INFO] CADModel:114 - Register for checkConnection events
2025-06-18 22:49:45,565 [FATAL] Updater:351 - Updater called before beeing initialized
2025-06-18 22:49:45,565 [ERROR] CADModel:125 - Updater not yet initialized, retry later 
2025-06-18 22:49:45,703 [FATAL] Updater:351 - Updater called before beeing initialized
2025-06-18 22:49:45,704 [INFO] CADModel:165 - CPN selected for project level
2025-06-18 22:49:45,704 [INFO] CADModel:114 - Register for checkConnection events
2025-06-18 22:49:45,704 [FATAL] Updater:351 - Updater called before beeing initialized
2025-06-18 22:49:45,704 [ERROR] CADModel:125 - Updater not yet initialized, retry later 
2025-06-18 22:49:45,708 [FATAL] Updater:351 - Updater called before beeing initialized
2025-06-18 22:49:45,818 [FATAL] Updater:351 - Updater called before beeing initialized
2025-06-18 22:49:45,827 [INFO] DbMcusAds:53 - JSON generation date=Wed May 07 17:07:55 CST 2025 (1746608875484)
2025-06-18 22:49:45,827 [FATAL] Updater:351 - Updater called before beeing initialized
2025-06-18 22:49:45,890 [WARN] DetailPanel:346 - Failed to get advertising image, set to default
2025-06-18 22:49:46,038 [FATAL] Updater:351 - Updater called before beeing initialized
2025-06-18 22:49:46,040 [FATAL] Updater:351 - Updater called before beeing initialized
2025-06-18 22:49:46,040 [FATAL] Updater:351 - Updater called before beeing initialized
2025-06-18 22:49:46,041 [WARN] DetailPanel:346 - Failed to get advertising image, set to default
2025-06-18 22:49:46,041 [FATAL] Updater:351 - Updater called before beeing initialized
2025-06-18 22:49:46,084 [ERROR] Updater:1198 - MainUpdater not yet initialized. External WinMGr cannot be set.
2025-06-18 22:49:46,092 [INFO] Updater:1134 - Updater Version found : 6.14.1
2025-06-18 22:49:46,104 [INFO] ApplicationProperties:184 - Using Application install path: D:\DAO\STM322222\STM32CubeIDE_1.17.0\STM32CubeIDE\plugins\com.st.stm32cube.common.mx_6.14.1.202504091515
2025-06-18 22:49:46,387 [INFO] ThirdPartyUpdaterWithRetryManager:70 - Updater plugin not ready yet. [2/15]
2025-06-18 22:49:47,693 [ERROR] LogOutputStream:75 - [STDERR_REDIRECT] Jun 18, 2025 10:49:47 PM java.util.prefs.WindowsPreferences <init>
2025-06-18 22:49:47,694 [ERROR] LogOutputStream:75 - [STDERR_REDIRECT] WARNING: Could not open/create prefs root node Software\JavaSoft\Prefs at root 0xffffffff80000002. Windows RegCreateKeyEx(...) returned error code 5.
2025-06-18 22:49:47,694 [ERROR] LogOutputStream:75 - [STDERR_REDIRECT] 
2025-06-18 22:49:48,248 [INFO] MainUpdater:2872 - connection check result : 10
2025-06-18 22:49:48,250 [INFO] MainUpdater:289 - Updater Check For Update Now.
2025-06-18 22:49:48,251 [INFO] MicroXplorer:498 - Change Database Version : DB.6.0.141
2025-06-18 22:49:48,288 [INFO] McuFinderGlobals:63 - Set McuFinder mode to 2 (CubeIDE integrated)
2025-06-18 22:49:48,299 [INFO] UserAuth:484 - Internet connection configuration mode: 1
2025-06-18 22:49:48,333 [INFO] JxBrowserEngine:152 - Initiate JxBrowser Engine with user profile folder
2025-06-18 22:49:48,458 [INFO] CheckServerUpdateThread:120 - End of CheckServer Thread
2025-06-18 22:49:49,601 [WARN] PackLoader:240 - Cannot read IP mode file for STMicroelectronics.FP-SNS-MOTENVWB1.1.4.0
2025-06-18 22:49:49,605 [INFO] WebApp:169 - Instantiating new browser for Auth
2025-06-18 22:49:49,635 [WARN] PackLoader:240 - Cannot read IP mode file for STMicroelectronics.FP-ATR-ASTRA1.2.0.2
2025-06-18 22:49:49,665 [WARN] PackLoader:240 - Cannot read IP mode file for STMicroelectronics.X-CUBE-SMBUS.2.1.0
2025-06-18 22:49:49,686 [WARN] PackLoader:240 - Cannot read IP mode file for STMicroelectronics.X-CUBE-WB05N.1.1.0
2025-06-18 22:49:49,711 [WARN] PackLoader:240 - Cannot read IP mode file for STMicroelectronics.X-CUBE-ST60.1.0.0
2025-06-18 22:49:49,764 [WARN] PackLoader:240 - Cannot read IP mode file for STMicroelectronics.X-CUBE-AZRTOS-F7.1.1.0
2025-06-18 22:49:49,796 [WARN] PackLoader:240 - Cannot read IP mode file for STMicroelectronics.FP-SNS-FLIGHT1.5.0.2
2025-06-18 22:49:49,827 [WARN] PackLoader:240 - Cannot read IP mode file for Infineon.AIROC-Wi-Fi-Bluetooth-STM32.1.7.0
2025-06-18 22:49:49,861 [WARN] PackLoader:240 - Cannot read IP mode file for STMicroelectronics.X-CUBE-DISPLAY.3.0.0
2025-06-18 22:49:49,889 [WARN] PackLoader:240 - Cannot read IP mode file for STMicroelectronics.X-CUBE-NFC10.1.0.0
2025-06-18 22:49:49,930 [WARN] PackLoader:240 - Cannot read IP mode file for STMicroelectronics.X-CUBE-BLEMGR.4.0.0
2025-06-18 22:49:49,969 [WARN] PackLoader:240 - Cannot read IP mode file for emotas.I-CUBE-CANOPEN.1.3.0
2025-06-18 22:49:50,009 [WARN] ConditionMgr:438 - getConditionDescription Invalid condition id : Cortex-A Device cause : null
2025-06-18 22:49:50,059 [WARN] ConditionMgr:1044 - genDependencies : Invalid condition id : Cortex-A Device cause : null
2025-06-18 22:49:50,059 [WARN] ConditionMgr:1044 - genDependencies : Invalid condition id : Cortex-A Device cause : null
2025-06-18 22:49:50,060 [WARN] ConditionMgr:1044 - genDependencies : Invalid condition id : Cortex-A Device cause : null
2025-06-18 22:49:50,085 [WARN] PackLoader:240 - Cannot read IP mode file for STMicroelectronics.X-CUBE-AI.10.0.0
2025-06-18 22:49:50,113 [WARN] PackLoader:240 - Cannot read IP mode file for STMicroelectronics.FP-SNS-SMARTAG2.1.2.0
2025-06-18 22:49:50,138 [WARN] PackLoader:240 - Cannot read IP mode file for STMicroelectronics.FP-SNS-FLIGHT1.5.1.0
2025-06-18 22:49:50,222 [WARN] PackLoader:240 - Cannot read IP mode file for STMicroelectronics.X-CUBE-MEMS1.11.1.0
2025-06-18 22:49:50,372 [INFO] LogOutputStream:77 - [STDOUT_REDIRECT] 1 : Invalid condition id : UX_CORESTACK_Condition cause : null
2025-06-18 22:49:50,375 [INFO] LogOutputStream:77 - [STDOUT_REDIRECT] 1 : Invalid condition id : UX_CORESTACK_Condition cause : null
2025-06-18 22:49:50,376 [INFO] LogOutputStream:77 - [STDOUT_REDIRECT] 1 : Invalid condition id : UX_CORESTACK_Condition cause : null
2025-06-18 22:49:50,378 [INFO] LogOutputStream:77 - [STDOUT_REDIRECT] 1 : Invalid condition id : UX_CORESTACK_Condition cause : null
2025-06-18 22:49:50,379 [INFO] LogOutputStream:77 - [STDOUT_REDIRECT] 1 : Invalid condition id : UX_CORESTACK_Condition cause : null
2025-06-18 22:49:50,383 [WARN] PackLoader:240 - Cannot read IP mode file for STMicroelectronics.X-CUBE-AZRTOS-WL.2.0.0
2025-06-18 22:49:50,449 [WARN] PackLoader:240 - Cannot read IP mode file for STMicroelectronics.FP-SNS-MOTENV1.5.0.0
2025-06-18 22:49:50,489 [WARN] PackLoader:240 - Cannot read IP mode file for STMicroelectronics.X-CUBE-BLE2.3.3.0
2025-06-18 22:49:50,521 [WARN] PackLoader:240 - Cannot read IP mode file for STMicroelectronics.X-CUBE-NFC9.1.0.0
2025-06-18 22:49:50,552 [WARN] PackLoader:240 - Cannot read IP mode file for STMicroelectronics.X-CUBE-BLE1.7.1.0
2025-06-18 22:49:50,582 [WARN] PackLoader:240 - Cannot read IP mode file for wolfSSL.I-CUBE-wolfMQTT.1.19.2
2025-06-18 22:49:50,607 [WARN] PackLoader:240 - Cannot read IP mode file for STMicroelectronics.X-CUBE-AI.10.1.0
2025-06-18 22:49:50,660 [WARN] PackLoader:240 - Cannot read IP mode file for STMicroelectronics.X-CUBE-MEMS1.11.2.0
2025-06-18 22:49:50,774 [WARN] PackLoader:240 - Cannot read IP mode file for STMicroelectronics.X-CUBE-AZRTOS-G0.1.1.0
2025-06-18 22:49:50,812 [WARN] PackLoader:240 - Cannot read IP mode file for STMicroelectronics.X-CUBE-SAFEA1.1.2.2
2025-06-18 22:49:50,850 [WARN] PackLoader:240 - Cannot read IP mode file for STMicroelectronics.X-CUBE-NFC4.3.0.0
2025-06-18 22:49:50,890 [WARN] PackLoader:240 - Cannot read IP mode file for EmbeddedOffice.I-CUBE-FS-RTOS.1.0.1
2025-06-18 22:49:50,929 [WARN] PackLoader:240 - Cannot read IP mode file for STMicroelectronics.X-CUBE-WB05N.2.0.0
2025-06-18 22:49:50,962 [WARN] PackLoader:240 - Cannot read IP mode file for wolfSSL.I-CUBE-wolfTPM.3.8.0
2025-06-18 22:49:50,988 [WARN] PackLoader:240 - Cannot read IP mode file for STMicroelectronics.X-CUBE-TCPP.4.2.0
2025-06-18 22:49:51,008 [WARN] PackLoader:240 - Cannot read IP mode file for RealThread.X-CUBE-RT-Thread_Nano.4.1.1
2025-06-18 22:49:51,025 [WARN] PackLoader:240 - Cannot read IP mode file for STMicroelectronics.FP-ATR-SIGFOX1.3.2.0
2025-06-18 22:49:51,050 [WARN] PackLoader:240 - Cannot read IP mode file for STMicroelectronics.X-CUBE-EEPRMA1.5.1.0
2025-06-18 22:49:51,066 [WARN] PackLoader:240 - Cannot read IP mode file for wolfSSL.I-CUBE-wolfSSL.5.7.6
2025-06-18 22:49:51,082 [WARN] PackLoader:240 - Cannot read IP mode file for ITTIA_DB.I-CUBE-ITTIADB.8.9.0
2025-06-18 22:49:51,100 [WARN] PackLoader:240 - Cannot read IP mode file for STMicroelectronics.X-CUBE-ST67W61.1.0.0
2025-06-18 22:49:51,138 [WARN] PackLoader:240 - Cannot read IP mode file for SEGGER.I-CUBE-embOS.1.3.1
2025-06-18 22:49:51,183 [WARN] PackLoader:240 - Cannot read IP mode file for STMicroelectronics.X-CUBE-ALGOBUILD.1.4.0
2025-06-18 22:49:51,235 [WARN] PackLoader:240 - Cannot read IP mode file for STMicroelectronics.X-CUBE-MEMS1.11.3.0
2025-06-18 22:49:51,361 [WARN] PackLoader:240 - Cannot read IP mode file for STMicroelectronics.X-CUBE-AZRTOS-F4.1.1.0
2025-06-18 22:49:51,400 [WARN] PackLoader:240 - Cannot read IP mode file for Avnet-IotConnect.X-CUBE-IoTC-DA16k-PMOD.1.0.0
2025-06-18 22:49:51,432 [WARN] PackLoader:240 - Cannot read IP mode file for STMicroelectronics.X-CUBE-ISPU.2.1.0
2025-06-18 22:49:51,461 [WARN] PackLoader:240 - Cannot read IP mode file for STMicroelectronics.X-CUBE-AZRTOS-L5.2.0.0
2025-06-18 22:49:51,493 [WARN] PackLoader:240 - Cannot read IP mode file for STMicroelectronics.X-CUBE-NFC6.3.1.0
2025-06-18 22:49:51,522 [WARN] PackLoader:240 - Cannot read IP mode file for STMicroelectronics.X-CUBE-DPower.1.2.0
2025-06-18 22:49:51,541 [WARN] PackLoader:240 - Cannot read IP mode file for STMicroelectronics.X-CUBE-FREERTOS.1.3.1
2025-06-18 22:49:51,560 [WARN] PackLoader:240 - Cannot read IP mode file for STMicroelectronics.X-CUBE-FREERTOS.1.3.0
2025-06-18 22:49:51,584 [WARN] PackLoader:240 - Cannot read IP mode file for STMicroelectronics.X-CUBE-NFC7.1.0.1
2025-06-18 22:49:51,612 [WARN] PackLoader:240 - Cannot read IP mode file for STMicroelectronics.X-CUBE-DPower.1.3.0
2025-06-18 22:49:51,684 [WARN] ConditionMgr:438 - getConditionDescription Invalid condition id : LAN8742 Phy interface Condition cause : null
2025-06-18 22:49:51,686 [WARN] PackLoader:240 - Cannot read IP mode file for STMicroelectronics.X-CUBE-AZRTOS-L4.2.0.0
2025-06-18 22:49:51,689 [WARN] ConditionMgr:1044 - genDependencies : Invalid condition id : LAN8742 Phy interface Condition cause : null
2025-06-18 22:49:51,690 [WARN] ConditionMgr:1044 - genDependencies : Invalid condition id : LAN8742 Phy interface Condition cause : null
2025-06-18 22:49:51,691 [WARN] ConditionMgr:1044 - genDependencies : Invalid condition id : LAN8742 Phy interface Condition cause : null
2025-06-18 22:49:51,733 [WARN] PackLoader:240 - Cannot read IP mode file for STMicroelectronics.X-CUBE-SFXS2LP1.4.0.0
2025-06-18 22:49:51,781 [WARN] PackLoader:240 - Cannot read IP mode file for STMicroelectronics.X-CUBE-AZRTOS-H7.3.3.0
2025-06-18 22:49:51,833 [WARN] ConditionMgr:438 - getConditionDescription Invalid condition id : UX DEVICE CLASS RTOS Condition cause : null
2025-06-18 22:49:51,833 [WARN] ConditionMgr:438 - getConditionDescription Invalid condition id : UX DEVICE CLASS RTOS Condition cause : null
2025-06-18 22:49:51,836 [WARN] PackLoader:240 - Cannot read IP mode file for STMicroelectronics.X-CUBE-AZRTOS-WB.2.0.0
2025-06-18 22:49:51,837 [WARN] ConditionMgr:1044 - genDependencies : Invalid condition id : UX DEVICE CLASS RTOS Condition cause : null
2025-06-18 22:49:51,837 [WARN] ConditionMgr:1044 - genDependencies : Invalid condition id : UX DEVICE CLASS RTOS Condition cause : null
2025-06-18 22:49:51,837 [WARN] ConditionMgr:1044 - genDependencies : Invalid condition id : UX DEVICE CLASS RTOS Condition cause : null
2025-06-18 22:49:51,837 [WARN] ConditionMgr:1044 - genDependencies : Invalid condition id : UX DEVICE CLASS RTOS Condition cause : null
2025-06-18 22:49:51,838 [WARN] ConditionMgr:1044 - genDependencies : Invalid condition id : UX DEVICE CLASS RTOS Condition cause : null
2025-06-18 22:49:51,882 [WARN] PackLoader:240 - Cannot read IP mode file for STMicroelectronics.X-CUBE-GNSS1.7.0.1
2025-06-18 22:49:51,935 [WARN] PackLoader:240 - Cannot read IP mode file for STMicroelectronics.X-CUBE-TOUCHGFX.4.25.0
2025-06-18 22:49:51,975 [WARN] PackLoader:240 - Cannot read IP mode file for STMicroelectronics.FP-SNS-STBOX1.2.0.0
2025-06-18 22:49:52,002 [WARN] PackLoader:240 - Cannot read IP mode file for STMicroelectronics.X-CUBE-SUBG2.5.0.0
2025-06-18 22:49:52,058 [WARN] PackLoader:240 - Cannot read IP mode file for STMicroelectronics.X-CUBE-AZRTOS-H7RS.1.1.0
2025-06-18 22:49:52,079 [WARN] PackLoader:240 - Cannot read IP mode file for Cesanta.I-CUBE-Mongoose.7.13.0
2025-06-18 22:49:52,107 [WARN] PackLoader:240 - Cannot read IP mode file for STMicroelectronics.X-CUBE-AZRTOS-G4.2.0.0
2025-06-18 22:49:52,126 [WARN] PackLoader:240 - Cannot read IP mode file for wolfSSL.I-CUBE-wolfSSH.1.4.20
2025-06-18 22:49:52,151 [WARN] PackLoader:240 - Cannot read IP mode file for STMicroelectronics.X-CUBE-NFC7.2.0.0
2025-06-18 22:49:52,185 [WARN] PackLoader:240 - Cannot read IP mode file for STMicroelectronics.X-CUBE-IPS.3.1.0
2025-06-18 22:49:52,215 [WARN] PackLoader:240 - Cannot read IP mode file for STMicroelectronics.X-CUBE-ALS.1.0.2
2025-06-18 22:49:52,257 [WARN] PackLoader:240 - Cannot read IP mode file for portGmbH.I-Cube-SoM-uGOAL.1.1.0
2025-06-18 22:49:52,302 [WARN] PackLoader:240 - Cannot read IP mode file for STMicroelectronics.X-CUBE-AZRTOS-H7RS.1.0.0
2025-06-18 22:49:52,349 [WARN] PackLoader:240 - Cannot read IP mode file for STMicroelectronics.X-CUBE-TOF1.3.4.2
2025-06-18 22:49:52,372 [WARN] PackLoader:240 - Cannot read IP mode file for STMicroelectronics.X-CUBE-TOF1.3.4.3
2025-06-18 22:49:52,377 [INFO] ThirdParty:978 - Integrity check success = true
2025-06-18 22:49:52,377 [INFO] IntegrityCheckThread:100 - exiting critical section [integrity check]
2025-06-18 22:49:52,377 [INFO] IntegrityCheckThread:103 - End integrity checks thread
2025-06-18 22:49:53,793 [INFO] WebApp:463 - Apply proxy settings
2025-06-18 22:49:53,795 [INFO] WebApp:548 - Chromium requires no authentication
2025-06-18 22:49:53,814 [INFO] WebApp:491 - Direct internet connection detected
2025-06-18 22:49:53,835 [INFO] WebApp:894 - Register for checkConnection events
2025-06-18 22:49:53,835 [INFO] WebApp:463 - Apply proxy settings
2025-06-18 22:49:53,835 [INFO] WebApp:548 - Chromium requires no authentication
2025-06-18 22:49:53,836 [INFO] WebApp:491 - Direct internet connection detected
2025-06-18 22:49:54,011 [INFO] WebApp:225 - Starting web application
2025-06-18 22:49:54,011 [INFO] WebApp:593 - Web application path used D:\DAO\STM322222\STM32CubeIDE_1.17.0\STM32CubeIDE\plugins\com.st.stm32cube.common.mx_6.14.1.202504091515\db\plugins\mcufinder\reactClient1\index.html
2025-06-18 22:49:54,193 [INFO] UserAuth:484 - Internet connection configuration mode: 1
2025-06-18 22:57:11,145 [ERROR] LogOutputStream:75 - [STDERR_REDIRECT] 
